2026-04-19 09:47:17,399 - INFO - --------------- Finetune Insights ---------------
2026-04-19 09:47:17,399 - INFO - systemYou are an advanced reasoning agent that can add, edit or remove rules from your existing rule set, based on forming new critiques of past task trajectories. 
You will be given successful tasks trials in which you were placed in a household environment and tasks to complete.

user
## Requirements:  
- Avoid vague statements; ensure each insight has a clear causal relationship.  
- Focus only on strategies that apply to a broad range of scenarios rather than case-specific advice.  
- Keep the language concise and to the point, ensuring clarity and practical value.  
- The insights you summarize must follow the "XXX, because XXX" format. They should not mention specific items but should instead extract general success principles applicable to similar tasks. These insights must be enlightening and provide guidance for future problems.  

## Examples:  
- Eliminate unnecessary thinking, because focusing on core objectives improves execution efficiency.
  
## Here are the trials:
task0:
Here is your initial observation: Ball1 is a ball.  Ball1 is at rooma.  Ball2 is a ball.  Ball2 is at rooma.  Ball3 is a ball.  Ball3 is at rooma.  Ball4 is a ball.  Ball4 is at rooma.  Left is a gripper.  Left is free.  Right is a gripper.  Right is free.  Robby is at rooma.  Room rooma Room roomb
**Here is your task: The goal is to satisfy the following conditions: ball1 is at roomb. , ball2 is at roomb. , ball3 is at roomb. , ball4 is at roomb. 
- Environment feedback

1. Identify which balls still need to reach the target room.
2. Pick up one or two balls in rooma using the available grippers.
3. Move from rooma to roomb only after the intended pickup batch is ready.
4. Drop the carried balls in roomb and repeat until all goal conditions are satisfied.
task1:
Here is your initial observation: Ball1 is a ball.  Ball1 is at rooma.  Ball2 is a ball.  Ball2 is at rooma.  Ball3 is a ball.  Ball3 is at rooma.  Ball4 is a ball.  Ball4 is at rooma.  Left is a gripper.  Left is free.  Right is a gripper.  Right is free.  Robby is at rooma.  Room rooma Room roomb
**Here is your task: The goal is to satisfy the following conditions: ball1 is at roomb. , ball2 is at roomb. , ball3 is at roomb. , ball4 is at roomb. 
- Environment feedback

1. Identify which balls still need to reach the target room.
2. Pick up one or two balls in rooma using the available grippers.
3. Move from rooma to roomb only after the intended pickup batch is ready.
4. Drop the carried balls in roomb and repeat until all goal conditions are satisfied.

## Here are the EXISTING RULES:
1. 

By examining the successful trials, and the list of existing rules, you can perform the following operations: add, edit, remove, or agree so that the new list of rules are general and high level insights of the successful trials or proposed way of Thought so they can be used as helpful tips to different tasks in the future. Have an emphasis on tips that help the agent perform better Thought and Action. Follow the below format:
<OPERATION> <RULE NUMBER>: <RULE> (e.g. ADD: xxx, EDIT/REMOVE/AGREE 1: xxx)

The available operations are: **AGREE (if the existing rule is strongly relevant for the task), REMOVE (if one existing rule is contradictory or similar/duplicated to other existing rules), EDIT (if any existing rule is not general enough or can be enhanced, rewrite and improve it), ADD (add new rules that are very different from existing rules and relevant for other tasks). Each needs to CLOSELY follow their corresponding formatting below (any existing rule not edited, not agreed, nor removed is considered copied)**:

AGREE <EXISTING RULE NUMBER>: <EXISTING RULE>
REMOVE <EXISTING RULE NUMBER>: <EXISTING RULE>
EDIT <EXISTING RULE NUMBER>: <NEW MODIFIED RULE>
ADD: <NEW RULE>

Do not mention the trials in the rules because all the rules should be GENERALLY APPLICABLE. Each rule should be concise and easy to follow. Any operation can be used MULTIPLE times. Do at most 4 operations and each existing rule can only get a maximum of 1 operation. 
2026-04-19 09:47:17,399 - INFO - ADD: Carry two transferable objects before moving between rooms, because batching transfers reduces wasted travel.
ADD: Reuse both grippers when possible, because parallel pickups shorten the full interaction trajectory.
2026-04-19 09:47:17,400 - INFO - 
---------------

2026-04-19 09:47:17,437 - INFO - --------------- Finetune Insights ---------------
2026-04-19 09:47:17,437 - INFO - systemYou are an advanced reasoning agent that can add, edit or remove rules from your existing rule set, based on forming new critiques of past task trajectories. 
You will be given successful tasks trials in which you were placed in a household environment and tasks to complete.

user
## Requirements:  
- Avoid vague statements; ensure each insight has a clear causal relationship.  
- Focus only on strategies that apply to a broad range of scenarios rather than case-specific advice.  
- Keep the language concise and to the point, ensuring clarity and practical value.  
- The insights you summarize must follow the "XXX, because XXX" format. They should not mention specific items but should instead extract general success principles applicable to similar tasks. These insights must be enlightening and provide guidance for future problems.  

## Examples:  
- Eliminate unnecessary thinking, because focusing on core objectives improves execution efficiency.
  
## Here are the trials:
task0:
Here is your initial observation: Ball1 is a ball.  Ball1 is at rooma.  Ball2 is a ball.  Ball2 is at rooma.  Ball3 is a ball.  Ball3 is at rooma.  Ball4 is a ball.  Ball4 is at rooma.  Left is a gripper.  Left is free.  Right is a gripper.  Right is free.  Robby is at rooma.  Room rooma Room roomb
**Here is your task: The goal is to satisfy the following conditions: ball1 is at roomb. , ball2 is at roomb. , ball3 is at roomb. , ball4 is at roomb. 
- Environment feedback

1. Identify which balls still need to reach the target room.
2. Pick up one or two balls in rooma using the available grippers.
3. Move from rooma to roomb only after the intended pickup batch is ready.
4. Drop the carried balls in roomb and repeat until all goal conditions are satisfied.
task1:
Here is your initial observation: Ball1 is a ball.  Ball1 is at rooma.  Ball2 is a ball.  Ball2 is at rooma.  Ball3 is a ball.  Ball3 is at rooma.  Ball4 is a ball.  Ball4 is at rooma.  Left is a gripper.  Left is free.  Right is a gripper.  Right is free.  Robby is at rooma.  Room rooma Room roomb
**Here is your task: The goal is to satisfy the following conditions: ball1 is at roomb. , ball2 is at roomb. , ball3 is at roomb. , ball4 is at roomb. 
- Environment feedback

1. Identify which balls still need to reach the target room.
2. Pick up one or two balls in rooma using the available grippers.
3. Move from rooma to roomb only after the intended pickup batch is ready.
4. Drop the carried balls in roomb and repeat until all goal conditions are satisfied.
task2:
Here is your initial observation: Ball1 is a ball.  Ball1 is at rooma.  Ball2 is a ball.  Ball2 is at rooma.  Ball3 is a ball.  Ball3 is at rooma.  Ball4 is a ball.  Ball4 is at rooma.  Left is a gripper.  Left is free.  Right is a gripper.  Right is free.  Robby is at rooma.  Room rooma Room roomb
**Here is your task: The goal is to satisfy the following conditions: ball1 is at roomb. , ball2 is at roomb. , ball3 is at roomb. , ball4 is at roomb. 
- Environment feedback

1. Identify which balls still need to reach the target room.
2. Pick up one or two balls in rooma using the available grippers.
3. Move from rooma to roomb only after the intended pickup batch is ready.
4. Drop the carried balls in roomb and repeat until all goal conditions are satisfied.

## Here are the EXISTING RULES:
1. Carry two transferable objects before moving between rooms, because batching transfers reduces wasted travel.
2. Reuse both grippers when possible, because parallel pickups shorten the full interaction trajectory.

By examining the successful trials, and the list of existing rules, you can perform the following operations: add, edit, remove, or agree so that the new list of rules are general and high level insights of the successful trials or proposed way of Thought so they can be used as helpful tips to different tasks in the future. Have an emphasis on tips that help the agent perform better Thought and Action. Follow the below format:
<OPERATION> <RULE NUMBER>: <RULE> (e.g. ADD: xxx, EDIT/REMOVE/AGREE 1: xxx)

The available operations are: **AGREE (if the existing rule is strongly relevant for the task), REMOVE (if one existing rule is contradictory or similar/duplicated to other existing rules), EDIT (if any existing rule is not general enough or can be enhanced, rewrite and improve it), ADD (add new rules that are very different from existing rules and relevant for other tasks). Each needs to CLOSELY follow their corresponding formatting below (any existing rule not edited, not agreed, nor removed is considered copied)**:

AGREE <EXISTING RULE NUMBER>: <EXISTING RULE>
REMOVE <EXISTING RULE NUMBER>: <EXISTING RULE>
EDIT <EXISTING RULE NUMBER>: <NEW MODIFIED RULE>
ADD: <NEW RULE>

Do not mention the trials in the rules because all the rules should be GENERALLY APPLICABLE. Each rule should be concise and easy to follow. Any operation can be used MULTIPLE times. Do at most 4 operations and each existing rule can only get a maximum of 1 operation. 
2026-04-19 09:47:17,437 - INFO - ADD: Carry two transferable objects before moving between rooms, because batching transfers reduces wasted travel.
ADD: Reuse both grippers when possible, because parallel pickups shorten the full interaction trajectory.
2026-04-19 09:47:17,437 - INFO - 
---------------

